Build started 16/02/2023 10:52:07.
     1>Project "c:\Users\Anizawa\documents\visual studio 2010\Projects\Notas\Notas\Notas.vcxproj" on node 2 (build target(s)).
     1>InitializeBuildStatus:
         Creating "Debug\Notas.unsuccessfulbuild" because "AlwaysCreate" was specified.
       ClCompile:
         C:\Program Files (x86)\Microsoft Visual Studio 10.0\VC\bin\CL.exe /c /ZI /nologo /W3 /WX- /Od /Oy- /D WIN32 /D _DEBUG /D _CONSOLE /D _UNICODE /D UNICODE /Gm /EHsc /RTC1 /MDd /GS /fp:precise /Zc:wchar_t /Zc:forScope /Fo"Debug\\" /Fd"Debug\vc100.pdb" /Gd /TP /analyze- /errorReport:prompt main.cpp
         main.cpp
     1>c:\users\anizawa\documents\visual studio 2010\projects\notas\notas\main.cpp(27): warning C4996: 'scanf': This function or variable may be unsafe. Consider using scanf_s instead. To disable deprecation, use _CRT_SECURE_NO_WARNINGS. See online help for details.
                 c:\program files (x86)\microsoft visual studio 10.0\vc\include\stdio.h(304) : see declaration of 'scanf'
     1>c:\users\anizawa\documents\visual studio 2010\projects\notas\notas\main.cpp(13): warning C4101: 'T2' : unreferenced local variable
       ManifestResourceCompile:
         All outputs are up-to-date.
       Link:
         C:\Program Files (x86)\Microsoft Visual Studio 10.0\VC\bin\link.exe /ERRORREPORT:PROMPT /OUT:"c:\users\anizawa\documents\visual studio 2010\Projects\Notas\Debug\Notas.exe" /INCREMENTAL /NOLOGO kernel32.lib user32.lib gdi32.lib winspool.lib comdlg32.lib advapi32.lib shell32.lib ole32.lib oleaut32.lib uuid.lib odbc32.lib odbccp32.lib /MANIFEST /ManifestFile:"Debug\Notas.exe.intermediate.manifest" /MANIFESTUAC:"level='asInvoker' uiAccess='false'" /DEBUG /PDB:"c:\users\anizawa\documents\visual studio 2010\Projects\Notas\Debug\Notas.pdb" /SUBSYSTEM:CONSOLE /TLBID:1 /DYNAMICBASE /NXCOMPAT /IMPLIB:"c:\users\anizawa\documents\visual studio 2010\Projects\Notas\Debug\Notas.lib" /MACHINE:X86 Debug\Notas.exe.embed.manifest.res
         Debug\main.obj
       Manifest:
         C:\Program Files (x86)\Microsoft SDKs\Windows\v7.0A\bin\mt.exe /nologo /verbose /out:"Debug\Notas.exe.embed.manifest" /manifest Debug\Notas.exe.intermediate.manifest
         All outputs are up-to-date.
       LinkEmbedManifest:
         All outputs are up-to-date.
         Notas.vcxproj -> c:\users\anizawa\documents\visual studio 2010\Projects\Notas\Debug\Notas.exe
       FinalizeBuildStatus:
         Deleting file "Debug\Notas.unsuccessfulbuild".
         Touching "Debug\Notas.lastbuildstate".
     1>Done Building Project "c:\Users\Anizawa\documents\visual studio 2010\Projects\Notas\Notas\Notas.vcxproj" (build target(s)).

Build succeeded.

Time Elapsed 00:00:00.75
