Build started 02/03/2023 17:24:44.
     1>Project "C:\Users\Anizawa\documents\visual studio 2010\Projects\Notas\Notas\Notas.vcxproj" on node 2 (build target(s)).
     1>InitializeBuildStatus:
         Creating "Release\Notas.unsuccessfulbuild" because "AlwaysCreate" was specified.
       ClCompile:
         C:\Program Files (x86)\Microsoft Visual Studio 10.0\VC\bin\CL.exe /c /Zi /nologo /W3 /WX- /O2 /Oi /Oy- /GL /D WIN32 /D NDEBUG /D _CONSOLE /D _UNICODE /D UNICODE /Gm- /EHsc /MD /GS /Gy /fp:precise /Zc:wchar_t /Zc:forScope /Fo"Release\\" /Fd"Release\vc100.pdb" /Gd /TP /analyze- /errorReport:prompt main.cpp
         main.cpp
     1>main.cpp(27): warning C4996: 'scanf': This function or variable may be unsafe. Consider using scanf_s instead. To disable deprecation, use _CRT_SECURE_NO_WARNINGS. See online help for details.
                 C:\Program Files (x86)\Microsoft Visual Studio 10.0\VC\include\stdio.h(304) : see declaration of 'scanf'
     1>main.cpp(13): warning C4101: 'T2' : unreferenced local variable
       Link:
         C:\Program Files (x86)\Microsoft Visual Studio 10.0\VC\bin\link.exe /ERRORREPORT:PROMPT /OUT:"C:\Users\Anizawa\documents\visual studio 2010\Projects\Notas\Release\Notas.exe" /INCREMENTAL:NO /NOLOGO kernel32.lib user32.lib gdi32.lib winspool.lib comdlg32.lib advapi32.lib shell32.lib ole32.lib oleaut32.lib uuid.lib odbc32.lib odbccp32.lib /MANIFEST /ManifestFile:"Release\Notas.exe.intermediate.manifest" /MANIFESTUAC:"level='asInvoker' uiAccess='false'" /DEBUG /PDB:"C:\Users\Anizawa\documents\visual studio 2010\Projects\Notas\Release\Notas.pdb" /SUBSYSTEM:CONSOLE /OPT:REF /OPT:ICF /LTCG /TLBID:1 /DYNAMICBASE /NXCOMPAT /IMPLIB:"C:\Users\Anizawa\documents\visual studio 2010\Projects\Notas\Release\Notas.lib" /MACHINE:X86 Release\main.obj
         Generating code
         Finished generating code
         Notas.vcxproj -> C:\Users\Anizawa\documents\visual studio 2010\Projects\Notas\Release\Notas.exe
       Manifest:
         C:\Program Files (x86)\Microsoft SDKs\Windows\v7.0A\bin\mt.exe /nologo /verbose /outputresource:"C:\Users\Anizawa\documents\visual studio 2010\Projects\Notas\Release\Notas.exe;#1" /manifest Release\Notas.exe.intermediate.manifest
       FinalizeBuildStatus:
         Deleting file "Release\Notas.unsuccessfulbuild".
         Touching "Release\Notas.lastbuildstate".
     1>Done Building Project "C:\Users\Anizawa\documents\visual studio 2010\Projects\Notas\Notas\Notas.vcxproj" (build target(s)).

Build succeeded.

Time Elapsed 00:00:00.65
